<?xml version="1.0" encoding="utf-8"?><testsuites name="pytest tests"><testsuite name="pytest" errors="0" failures="0" skipped="0" tests="29" time="31.798" timestamp="2026-03-10T03:29:05.662387+00:00" hostname="agent-env-0d1fed01-7d4a-4648-8243-cb996ddfc455"><testcase classname="backend.tests.test_provision_api.TestHealthEndpoints" name="test_health_endpoint" time="14.932" /><testcase classname="backend.tests.test_provision_api.TestHealthEndpoints" name="test_base_health" time="0.209" /><testcase classname="backend.tests.test_provision_api.TestProvisionStatus" name="test_status_endpoint_returns_200" time="1.106" /><testcase classname="backend.tests.test_provision_api.TestProvisionStatus" name="test_status_has_sandbox_field" time="1.045" /><testcase classname="backend.tests.test_provision_api.TestProvisionStatus" name="test_status_has_tools_field" time="1.089" /><testcase classname="backend.tests.test_provision_api.TestProvisionStatus" name="test_status_has_skills_loaded_field" time="1.079" /><testcase classname="backend.tests.test_provision_api.TestProvisionStatus" name="test_status_has_nudges_field" time="1.101" /><testcase classname="backend.tests.test_provision_api.TestProvisionStatus" name="test_status_has_credits_cents" time="1.095" /><testcase classname="backend.tests.test_provision_api.TestCreateSandbox" name="test_create_sandbox_endpoint_returns_200" time="1.656" /><testcase classname="backend.tests.test_provision_api.TestCreateSandbox" name="test_create_sandbox_has_success_field" time="1.777" /><testcase classname="backend.tests.test_provision_api.TestCreateSandbox" name="test_create_sandbox_fails_with_zero_credits" time="1.585" /><testcase classname="backend.tests.test_provision_api.TestInstallTerminal" name="test_install_terminal_endpoint_returns_200" time="0.120" /><testcase classname="backend.tests.test_provision_api.TestInstallTerminal" name="test_install_terminal_requires_sandbox" time="0.100" /><testcase classname="backend.tests.test_provision_api.TestInstallOpenclaw" name="test_install_openclaw_endpoint_returns_200" time="0.108" /><testcase classname="backend.tests.test_provision_api.TestInstallOpenclaw" name="test_install_openclaw_requires_sandbox" time="0.151" /><testcase classname="backend.tests.test_provision_api.TestLoadSkills" name="test_load_skills_endpoint_returns_200" time="0.101" /><testcase classname="backend.tests.test_provision_api.TestLoadSkills" name="test_load_skills_requires_sandbox" time="0.105" /><testcase classname="backend.tests.test_provision_api.TestNudgeEndpoints" name="test_nudge_endpoint_returns_200" time="0.113" /><testcase classname="backend.tests.test_provision_api.TestNudgeEndpoints" name="test_nudge_returns_success_and_message" time="0.104" /><testcase classname="backend.tests.test_provision_api.TestNudgeEndpoints" name="test_custom_nudge_endpoint_returns_200" time="0.099" /><testcase classname="backend.tests.test_provision_api.TestNudgeEndpoints" name="test_custom_nudge_sends_custom_message" time="0.108" /><testcase classname="backend.tests.test_provision_api.TestNudgeEndpoints" name="test_nudges_appear_in_status" time="1.177" /><testcase classname="backend.tests.test_provision_api.TestSecurityChecks" name="test_no_conway_terminal_on_host" time="0.003" /><testcase classname="backend.tests.test_provision_api.TestSecurityChecks" name="test_no_openclaw_on_host" time="0.002" /><testcase classname="backend.tests.test_provision_api.TestSecurityChecks" name="test_system_prompt_reads_provisioning_status" time="0.000" /><testcase classname="backend.tests.test_provision_api.TestSecurityChecks" name="test_no_boot_report_in_system_prompt" time="0.000" /><testcase classname="backend.tests.test_provision_api.TestAPIResponseStructure" name="test_status_response_complete_structure" time="1.021" /><testcase classname="backend.tests.test_provision_api.TestAPIResponseStructure" name="test_create_sandbox_response_structure" time="1.609" /><testcase classname="backend.tests.test_provision_api.TestAPIResponseStructure" name="test_nudge_response_structure" time="0.108" /></testsuite></testsuites>