<?xml version="1.0" encoding="utf-8"?><testsuites name="pytest tests"><testsuite name="pytest" errors="0" failures="0" skipped="0" tests="32" time="22.712" timestamp="2026-03-10T04:34:46.815185+00:00" hostname="agent-env-0d1fed01-7d4a-4648-8243-cb996ddfc455"><testcase classname="backend.tests.test_provision_api_v5.TestStatusEndpoint" name="test_status_returns_wallet_address_field" time="10.652" /><testcase classname="backend.tests.test_provision_api_v5.TestStatusEndpoint" name="test_status_returns_expected_fields" time="1.022" /><testcase classname="backend.tests.test_provision_api_v5.TestStatusEndpoint" name="test_status_sandbox_structure" time="1.035" /><testcase classname="backend.tests.test_provision_api_v5.TestInstallClaudeCode" name="test_install_claude_code_no_sandbox" time="0.107" /><testcase classname="backend.tests.test_provision_api_v5.TestInstallClaudeCode" name="test_install_claude_code_error_message" time="0.092" /><testcase classname="backend.tests.test_provision_api_v5.TestInstallTerminal" name="test_install_terminal_no_sandbox" time="0.115" /><testcase classname="backend.tests.test_provision_api_v5.TestInstallTerminal" name="test_install_terminal_error_message_mentions_sandbox" time="0.107" /><testcase classname="backend.tests.test_provision_api_v5.TestInstallOpenClaw" name="test_install_openclaw_no_sandbox" time="0.140" /><testcase classname="backend.tests.test_provision_api_v5.TestDeployAgent" name="test_deploy_agent_no_sandbox" time="0.103" /><testcase classname="backend.tests.test_provision_api_v5.TestDeployAgent" name="test_deploy_agent_error_message" time="0.123" /><testcase classname="backend.tests.test_provision_api_v5.TestPhaseState" name="test_phase_state_returns_data" time="0.097" /><testcase classname="backend.tests.test_provision_api_v5.TestPhaseState" name="test_phase_state_structure" time="0.136" /><testcase classname="backend.tests.test_provision_api_v5.TestAgentLogs" name="test_agent_logs_no_sandbox" time="0.105" /><testcase classname="backend.tests.test_provision_api_v5.TestCreateSandbox" name="test_create_sandbox_fails_with_zero_credits" time="1.586" /><testcase classname="backend.tests.test_provision_api_v5.TestNudge" name="test_nudge_sends_message" time="0.099" /><testcase classname="backend.tests.test_provision_api_v5.TestNudge" name="test_custom_nudge_sends_message" time="0.143" /><testcase classname="backend.tests.test_provision_api_v5.TestNudge" name="test_custom_nudge_appears_in_status" time="1.155" /><testcase classname="backend.tests.test_provision_api_v5.TestOtherEndpoints" name="test_sandbox_info_no_sandbox" time="0.104" /><testcase classname="backend.tests.test_provision_api_v5.TestOtherEndpoints" name="test_list_sandboxes" time="1.077" /><testcase classname="backend.tests.test_provision_api_v5.TestOtherEndpoints" name="test_verify_sandbox_no_sandbox" time="0.105" /><testcase classname="backend.tests.test_provision_api_v5.TestOtherEndpoints" name="test_load_skills_no_sandbox" time="0.101" /><testcase classname="backend.tests.test_provision_api_v5.TestOtherEndpoints" name="test_test_compute" time="1.112" /><testcase classname="backend.tests.test_provision_api_v5.TestOtherEndpoints" name="test_web_terminal_no_sandbox" time="0.111" /><testcase classname="backend.tests.test_provision_api_v5.TestOtherEndpoints" name="test_expose_port_no_sandbox" time="0.105" /><testcase classname="backend.tests.test_provision_api_v5.TestOtherEndpoints" name="test_credits" time="2.139" /><testcase classname="backend.tests.test_provision_api_v5.TestOtherEndpoints" name="test_wallet" time="0.120" /><testcase classname="backend.tests.test_provision_api_v5.TestExecEndpoints" name="test_exec_no_sandbox" time="0.158" /><testcase classname="backend.tests.test_provision_api_v5.TestExecEndpoints" name="test_run_code_no_sandbox" time="0.122" /><testcase classname="backend.tests.test_provision_api_v5.TestFileEndpoints" name="test_upload_file_no_sandbox" time="0.111" /><testcase classname="backend.tests.test_provision_api_v5.TestFileEndpoints" name="test_read_file_no_sandbox" time="0.098" /><testcase classname="backend.tests.test_provision_api_v5.TestFileEndpoints" name="test_list_files_no_sandbox" time="0.096" /><testcase classname="backend.tests.test_provision_api_v5.TestDomainEndpoints" name="test_domain_list" time="0.219" /></testsuite></testsuites>