<?xml version="1.0" encoding="utf-8"?><testsuites name="pytest tests"><testsuite name="pytest" errors="0" failures="0" skipped="0" tests="17" time="3.124" timestamp="2026-03-10T07:57:28.063814+00:00" hostname="agent-env-5ecbe54e-69d1-466d-ab26-1f1f2e006366"><testcase classname="backend.tests.test_iteration_13_provisioning_split.TestBackendHealthAndAgents" name="test_health_returns_200" time="0.105" /><testcase classname="backend.tests.test_iteration_13_provisioning_split.TestBackendHealthAndAgents" name="test_agents_list_returns_agents" time="0.099" /><testcase classname="backend.tests.test_iteration_13_provisioning_split.TestProvisionStatus" name="test_provision_status_returns_valid_response" time="1.037" /><testcase classname="backend.tests.test_iteration_13_provisioning_split.TestProvisionStatus" name="test_provision_status_has_tools_structure" time="1.025" /><testcase classname="backend.tests.test_iteration_13_provisioning_split.TestDomainSearchRegression" name="test_domain_search_works" time="0.343" /><testcase classname="backend.tests.test_iteration_13_provisioning_split.TestSkillsAvailable" name="test_skills_available_returns_skills" time="0.112" /><testcase classname="backend.tests.test_iteration_13_provisioning_split.TestSkillsAvailable" name="test_skills_have_required_fields" time="0.113" /><testcase classname="backend.tests.test_iteration_13_provisioning_split.TestGenesisStatus" name="test_genesis_status_returns_valid_response" time="0.119" /><testcase classname="backend.tests.test_iteration_13_provisioning_split.TestGenesisStatus" name="test_genesis_status_for_deployed_agent" time="0.117" /><testcase classname="backend.tests.test_iteration_13_provisioning_split.TestCodeReviewAnimaVM" name="test_animavm_has_no_provision_stepper" time="0.000" /><testcase classname="backend.tests.test_iteration_13_provisioning_split.TestCodeReviewAnimaVM" name="test_animavm_has_status_pills" time="0.000" /><testcase classname="backend.tests.test_iteration_13_provisioning_split.TestCodeReviewAnimaVM" name="test_animavm_has_seven_tabs" time="0.000" /><testcase classname="backend.tests.test_iteration_13_provisioning_split.TestCodeReviewGenesisScreen" name="test_genesis_has_provision_stepper" time="0.000" /><testcase classname="backend.tests.test_iteration_13_provisioning_split.TestCodeReviewGenesisScreen" name="test_genesis_has_six_steps" time="0.000" /><testcase classname="backend.tests.test_iteration_13_provisioning_split.TestCodeReviewGenesisScreen" name="test_genesis_has_wallet_qr" time="0.000" /><testcase classname="backend.tests.test_iteration_13_provisioning_split.TestCodeReviewGenesisScreen" name="test_genesis_has_dashboard_button" time="0.000" /><testcase classname="backend.tests.test_iteration_13_provisioning_split.TestCodeReviewSidebar" name="test_sidebar_has_animavm_first" time="0.000" /></testsuite></testsuites>