<?xml version="1.0" encoding="utf-8"?><testsuites name="pytest tests"><testsuite name="pytest" errors="0" failures="0" skipped="0" tests="32" time="11.812" timestamp="2026-03-11T12:21:44.634169+00:00" hostname="agent-env-d0228bc8-12dd-48fc-a6c5-8506d869939b"><testcase classname="backend.tests.test_iteration_23_e2e.TestHealthEndpoints" name="test_health_returns_ok" time="0.268" /><testcase classname="backend.tests.test_iteration_23_e2e.TestHealthEndpoints" name="test_payments_status" time="0.120" /><testcase classname="backend.tests.test_iteration_23_e2e.TestAgentsEndpoints" name="test_list_agents" time="0.132" /><testcase classname="backend.tests.test_iteration_23_e2e.TestAgentsEndpoints" name="test_select_default_agent" time="0.121" /><testcase classname="backend.tests.test_iteration_23_e2e.TestAgentsEndpoints" name="test_select_nonexistent_agent_returns_404" time="0.152" /><testcase classname="backend.tests.test_iteration_23_e2e.TestAgentsEndpoints" name="test_delete_default_agent_fails" time="0.114" /><testcase classname="backend.tests.test_iteration_23_e2e.TestAgentsEndpoints" name="test_create_agent_requires_telegram" time="0.115" /><testcase classname="backend.tests.test_iteration_23_e2e.TestCreditsEndpoints" name="test_key_status" time="1.058" /><testcase classname="backend.tests.test_iteration_23_e2e.TestCreditsEndpoints" name="test_set_invalid_key_format" time="0.105" /><testcase classname="backend.tests.test_iteration_23_e2e.TestCreditsEndpoints" name="test_get_balance" time="1.107" /><testcase classname="backend.tests.test_iteration_23_e2e.TestCreditsEndpoints" name="test_verify_credits" time="1.032" /><testcase classname="backend.tests.test_iteration_23_e2e.TestGenesisEndpoints" name="test_genesis_status" time="0.149" /><testcase classname="backend.tests.test_iteration_23_e2e.TestGenesisEndpoints" name="test_provision_status" time="1.044" /><testcase classname="backend.tests.test_iteration_23_e2e.TestEngineEndpoints" name="test_engine_status" time="0.297" /><testcase classname="backend.tests.test_iteration_23_e2e.TestConwayEndpoints" name="test_conway_health" time="0.859" /><testcase classname="backend.tests.test_iteration_23_e2e.TestTelegramEndpoints" name="test_telegram_status_default_agent" time="0.108" /><testcase classname="backend.tests.test_iteration_23_e2e.TestTelegramEndpoints" name="test_telegram_health" time="0.486" /><testcase classname="backend.tests.test_iteration_23_e2e.TestTelegramEndpoints" name="test_telegram_test_default_agent" time="0.637" /><testcase classname="backend.tests.test_iteration_23_e2e.TestTelegramEndpoints" name="test_telegram_send" time="0.109" /><testcase classname="backend.tests.test_iteration_23_e2e.TestLiveEndpoints" name="test_live_stream_accessible" time="0.114" /><testcase classname="backend.tests.test_iteration_23_e2e.TestLiveEndpoints" name="test_live_identity" time="0.123" /><testcase classname="backend.tests.test_iteration_23_e2e.TestLiveEndpoints" name="test_live_financials" time="0.134" /><testcase classname="backend.tests.test_iteration_23_e2e.TestLiveEndpoints" name="test_live_activity" time="0.146" /><testcase classname="backend.tests.test_iteration_23_e2e.TestWalletEndpoints" name="test_wallet_balance" time="0.140" /><testcase classname="backend.tests.test_iteration_23_e2e.TestSkillsEndpoints" name="test_skills_available" time="0.249" /><testcase classname="backend.tests.test_iteration_23_e2e.TestWebhookEndpoints" name="test_webhook_status" time="0.117" /><testcase classname="backend.tests.test_iteration_23_e2e.TestWebhookEndpoints" name="test_webhook_agent_update" time="0.141" /><testcase classname="backend.tests.test_iteration_23_e2e.TestInfrastructureEndpoints" name="test_infrastructure_sandboxes" time="0.099" /><testcase classname="backend.tests.test_iteration_23_e2e.TestInfrastructureEndpoints" name="test_infrastructure_tools" time="0.110" /><testcase classname="backend.tests.test_iteration_23_e2e.TestAgentUpdateTelegram" name="test_update_telegram_nonexistent_agent" time="0.104" /><testcase classname="backend.tests.test_iteration_23_e2e.TestOpenClawEndpoints" name="test_openclaw_status" time="1.050" /><testcase classname="backend.tests.test_iteration_23_e2e.TestOpenClawEndpoints" name="test_openclaw_sandboxes" time="1.076" /></testsuite></testsuites>