<?xml version="1.0" encoding="utf-8"?><testsuites name="pytest tests"><testsuite name="pytest" errors="0" failures="0" skipped="0" tests="32" time="50.906" timestamp="2026-03-11T08:05:44.716172+00:00" hostname="agent-env-d0228bc8-12dd-48fc-a6c5-8506d869939b"><testcase classname="backend.tests.test_iteration_23_e2e.TestHealthEndpoints" name="test_health_returns_ok" time="40.008" /><testcase classname="backend.tests.test_iteration_23_e2e.TestHealthEndpoints" name="test_payments_status" time="0.160" /><testcase classname="backend.tests.test_iteration_23_e2e.TestAgentsEndpoints" name="test_list_agents" time="0.102" /><testcase classname="backend.tests.test_iteration_23_e2e.TestAgentsEndpoints" name="test_select_default_agent" time="0.107" /><testcase classname="backend.tests.test_iteration_23_e2e.TestAgentsEndpoints" name="test_select_nonexistent_agent_returns_404" time="0.107" /><testcase classname="backend.tests.test_iteration_23_e2e.TestAgentsEndpoints" name="test_delete_default_agent_fails" time="0.110" /><testcase classname="backend.tests.test_iteration_23_e2e.TestAgentsEndpoints" name="test_create_agent_requires_telegram" time="0.157" /><testcase classname="backend.tests.test_iteration_23_e2e.TestCreditsEndpoints" name="test_key_status" time="1.037" /><testcase classname="backend.tests.test_iteration_23_e2e.TestCreditsEndpoints" name="test_set_invalid_key_format" time="0.098" /><testcase classname="backend.tests.test_iteration_23_e2e.TestCreditsEndpoints" name="test_get_balance" time="1.054" /><testcase classname="backend.tests.test_iteration_23_e2e.TestCreditsEndpoints" name="test_verify_credits" time="1.026" /><testcase classname="backend.tests.test_iteration_23_e2e.TestGenesisEndpoints" name="test_genesis_status" time="0.136" /><testcase classname="backend.tests.test_iteration_23_e2e.TestGenesisEndpoints" name="test_provision_status" time="1.022" /><testcase classname="backend.tests.test_iteration_23_e2e.TestEngineEndpoints" name="test_engine_status" time="0.129" /><testcase classname="backend.tests.test_iteration_23_e2e.TestConwayEndpoints" name="test_conway_health" time="0.830" /><testcase classname="backend.tests.test_iteration_23_e2e.TestTelegramEndpoints" name="test_telegram_status_default_agent" time="0.100" /><testcase classname="backend.tests.test_iteration_23_e2e.TestTelegramEndpoints" name="test_telegram_health" time="0.513" /><testcase classname="backend.tests.test_iteration_23_e2e.TestTelegramEndpoints" name="test_telegram_test_default_agent" time="0.575" /><testcase classname="backend.tests.test_iteration_23_e2e.TestTelegramEndpoints" name="test_telegram_send" time="0.097" /><testcase classname="backend.tests.test_iteration_23_e2e.TestLiveEndpoints" name="test_live_stream_accessible" time="0.104" /><testcase classname="backend.tests.test_iteration_23_e2e.TestLiveEndpoints" name="test_live_identity" time="0.097" /><testcase classname="backend.tests.test_iteration_23_e2e.TestLiveEndpoints" name="test_live_financials" time="0.094" /><testcase classname="backend.tests.test_iteration_23_e2e.TestLiveEndpoints" name="test_live_activity" time="0.097" /><testcase classname="backend.tests.test_iteration_23_e2e.TestWalletEndpoints" name="test_wallet_balance" time="0.115" /><testcase classname="backend.tests.test_iteration_23_e2e.TestSkillsEndpoints" name="test_skills_available" time="0.108" /><testcase classname="backend.tests.test_iteration_23_e2e.TestWebhookEndpoints" name="test_webhook_status" time="0.105" /><testcase classname="backend.tests.test_iteration_23_e2e.TestWebhookEndpoints" name="test_webhook_agent_update" time="0.104" /><testcase classname="backend.tests.test_iteration_23_e2e.TestInfrastructureEndpoints" name="test_infrastructure_sandboxes" time="0.114" /><testcase classname="backend.tests.test_iteration_23_e2e.TestInfrastructureEndpoints" name="test_infrastructure_tools" time="0.129" /><testcase classname="backend.tests.test_iteration_23_e2e.TestAgentUpdateTelegram" name="test_update_telegram_nonexistent_agent" time="0.105" /><testcase classname="backend.tests.test_iteration_23_e2e.TestOpenClawEndpoints" name="test_openclaw_status" time="1.071" /><testcase classname="backend.tests.test_iteration_23_e2e.TestOpenClawEndpoints" name="test_openclaw_sandboxes" time="1.082" /></testsuite></testsuites>