<?xml version="1.0" encoding="utf-8"?><testsuites name="pytest tests"><testsuite name="pytest" errors="0" failures="0" skipped="0" tests="17" time="6.262" timestamp="2026-03-10T08:19:49.174109+00:00" hostname="agent-env-5ecbe54e-69d1-466d-ab26-1f1f2e006366"><testcase classname="backend.tests.test_iteration_14_major_refactor.TestHealthEndpoint" name="test_health_returns_engine_live_false" time="2.683" /><testcase classname="backend.tests.test_iteration_14_major_refactor.TestGenesisEndpoints" name="test_genesis_status_returns_not_created" time="0.109" /><testcase classname="backend.tests.test_iteration_14_major_refactor.TestGenesisEndpoints" name="test_genesis_create_returns_disabled_error" time="0.118" /><testcase classname="backend.tests.test_iteration_14_major_refactor.TestWalletEndpoint" name="test_wallet_balance_returns_not_provisioned_error" time="0.104" /><testcase classname="backend.tests.test_iteration_14_major_refactor.TestEngineEndpoints" name="test_engine_live_returns_false_and_source_none" time="0.104" /><testcase classname="backend.tests.test_iteration_14_major_refactor.TestEngineEndpoints" name="test_engine_logs_returns_no_sandbox_error" time="0.106" /><testcase classname="backend.tests.test_iteration_14_major_refactor.TestEngineEndpoints" name="test_engine_status_returns_source_sandbox" time="0.104" /><testcase classname="backend.tests.test_iteration_14_major_refactor.TestLiveEndpoints" name="test_live_identity_returns_name_and_source_database" time="0.101" /><testcase classname="backend.tests.test_iteration_14_major_refactor.TestLiveEndpoints" name="test_live_activity_returns_empty_list" time="0.097" /><testcase classname="backend.tests.test_iteration_14_major_refactor.TestLiveEndpoints" name="test_live_turns_returns_empty_list" time="0.101" /><testcase classname="backend.tests.test_iteration_14_major_refactor.TestInfrastructureEndpoints" name="test_infrastructure_sandboxes_returns_empty_list" time="0.099" /><testcase classname="backend.tests.test_iteration_14_major_refactor.TestInfrastructureEndpoints" name="test_infrastructure_domains_returns_empty_list" time="0.104" /><testcase classname="backend.tests.test_iteration_14_major_refactor.TestAgentsEndpoints" name="test_agents_returns_list" time="0.130" /><testcase classname="backend.tests.test_iteration_14_major_refactor.TestAgentsEndpoints" name="test_agent_start_returns_disabled_error" time="0.125" /><testcase classname="backend.tests.test_iteration_14_major_refactor.TestProvisioningEndpoints" name="test_provision_status_works" time="1.043" /><testcase classname="backend.tests.test_iteration_14_major_refactor.TestProvisioningEndpoints" name="test_provision_domain_search_works" time="0.937" /><testcase classname="backend.tests.test_iteration_14_major_refactor.TestSkillsEndpoint" name="test_skills_available_works_with_domain_tools" time="0.113" /></testsuite></testsuites>