<?xml version="1.0" encoding="utf-8"?><testsuites name="pytest tests"><testsuite name="pytest" errors="0" failures="0" skipped="0" tests="19" time="3.922" timestamp="2026-03-10T06:42:22.682269+00:00" hostname="agent-env-5ecbe54e-69d1-466d-ab26-1f1f2e006366"><testcase classname="backend.tests.test_iteration_11_conway_domains.TestHealthAndBasics" name="test_health_returns_200" time="0.172" /><testcase classname="backend.tests.test_iteration_11_conway_domains.TestHealthAndBasics" name="test_provision_status_returns_agent_id" time="1.021" /><testcase classname="backend.tests.test_iteration_11_conway_domains.TestHealthAndBasics" name="test_agents_endpoint_works" time="0.132" /><testcase classname="backend.tests.test_iteration_11_conway_domains.TestHealthAndBasics" name="test_nudge_endpoint_works" time="0.100" /><testcase classname="backend.tests.test_iteration_11_conway_domains.TestPublicDomainEndpoints" name="test_domain_search_returns_success_with_results" time="0.673" /><testcase classname="backend.tests.test_iteration_11_conway_domains.TestPublicDomainEndpoints" name="test_domain_check_returns_success_with_domains" time="0.307" /><testcase classname="backend.tests.test_iteration_11_conway_domains.TestPublicDomainEndpoints" name="test_domain_pricing_returns_success_with_pricing" time="0.336" /><testcase classname="backend.tests.test_iteration_11_conway_domains.TestAuthenticatedDomainEndpoints" name="test_domain_list_requires_sandbox" time="0.095" /><testcase classname="backend.tests.test_iteration_11_conway_domains.TestAuthenticatedDomainEndpoints" name="test_domain_register_requires_sandbox" time="0.111" /><testcase classname="backend.tests.test_iteration_11_conway_domains.TestAuthenticatedDomainEndpoints" name="test_domain_renew_requires_sandbox" time="0.105" /><testcase classname="backend.tests.test_iteration_11_conway_domains.TestAuthenticatedDomainEndpoints" name="test_domain_dns_list_requires_sandbox" time="0.093" /><testcase classname="backend.tests.test_iteration_11_conway_domains.TestAuthenticatedDomainEndpoints" name="test_domain_dns_add_requires_sandbox" time="0.126" /><testcase classname="backend.tests.test_iteration_11_conway_domains.TestAuthenticatedDomainEndpoints" name="test_domain_privacy_requires_sandbox" time="0.116" /><testcase classname="backend.tests.test_iteration_11_conway_domains.TestAuthenticatedDomainEndpoints" name="test_domain_nameservers_requires_sandbox" time="0.097" /><testcase classname="backend.tests.test_iteration_11_conway_domains.TestAuthenticatedDomainEndpoints" name="test_domain_info_requires_sandbox" time="0.111" /><testcase classname="backend.tests.test_iteration_11_conway_domains.TestAuthenticatedDomainEndpoints" name="test_domain_transactions_requires_sandbox" time="0.101" /><testcase classname="backend.tests.test_iteration_11_conway_domains.TestSkillsWithDomainTools" name="test_skills_include_domain_tools" time="0.140" /><testcase classname="backend.tests.test_iteration_11_conway_domains.TestGenesisPromptModelNames" name="test_genesis_prompt_line_204_has_gpt52_models" time="0.000" /><testcase classname="backend.tests.test_iteration_11_conway_domains.TestGenesisPromptModelNames" name="test_genesis_prompt_phase_0_test_uses_gpt5_nano" time="0.000" /></testsuite></testsuites>