<?xml version="1.0" encoding="utf-8"?><testsuites name="pytest tests"><testsuite name="pytest" errors="0" failures="0" skipped="0" tests="11" time="5.844" timestamp="2026-03-10T19:33:33.315799+00:00" hostname="agent-env-721246c9-dedf-480e-bedf-aba36b77c00e"><testcase classname="backend.tests.test_iteration_22_ui_nav.TestHealthEndpoint" name="test_health_returns_ok" time="0.337" /><testcase classname="backend.tests.test_iteration_22_ui_nav.TestCreditsKeyStatus" name="test_key_status_returns_configured" time="1.089" /><testcase classname="backend.tests.test_iteration_22_ui_nav.TestCreditsSetKey" name="test_set_key_rejects_invalid_format" time="0.125" /><testcase classname="backend.tests.test_iteration_22_ui_nav.TestCreditsSetKey" name="test_set_key_rejects_invalid_conway_key" time="0.537" /><testcase classname="backend.tests.test_iteration_22_ui_nav.TestCreditsSetKey" name="test_set_key_accepts_valid_key" time="1.071" /><testcase classname="backend.tests.test_iteration_22_ui_nav.TestAgentSelection" name="test_select_anima_fund_agent" time="0.110" /><testcase classname="backend.tests.test_iteration_22_ui_nav.TestAgentSelection" name="test_select_nonexistent_agent_returns_404" time="0.217" /><testcase classname="backend.tests.test_iteration_22_ui_nav.TestAgentList" name="test_agents_returns_list" time="0.110" /><testcase classname="backend.tests.test_iteration_22_ui_nav.TestAgentList" name="test_anima_fund_agent_has_required_fields" time="0.108" /><testcase classname="backend.tests.test_iteration_22_ui_nav.TestCreditsBalance" name="test_balance_returns_credits" time="1.038" /><testcase classname="backend.tests.test_iteration_22_ui_nav.TestCreditsVerify" name="test_verify_returns_verified" time="1.037" /></testsuite></testsuites>