<?xml version="1.0" encoding="utf-8"?><testsuites name="pytest tests"><testsuite name="pytest" errors="0" failures="0" skipped="0" tests="15" time="13.319" timestamp="2026-03-10T09:06:11.652166+00:00" hostname="agent-env-b51b4544-d85c-4131-9271-11ac29bf4100"><testcase classname="backend.tests.test_iteration_15_credits.TestCreditsBalance" name="test_balance_returns_200" time="1.201" /><testcase classname="backend.tests.test_iteration_15_credits.TestCreditsBalance" name="test_balance_returns_credits_cents" time="1.048" /><testcase classname="backend.tests.test_iteration_15_credits.TestCreditsBalance" name="test_balance_returns_credits_usd" time="1.026" /><testcase classname="backend.tests.test_iteration_15_credits.TestCreditsBalance" name="test_balance_usd_matches_cents" time="1.047" /><testcase classname="backend.tests.test_iteration_15_credits.TestCreditsPricing" name="test_pricing_returns_200" time="0.235" /><testcase classname="backend.tests.test_iteration_15_credits.TestCreditsPricing" name="test_pricing_structure" time="0.233" /><testcase classname="backend.tests.test_iteration_15_credits.TestCreditsPurchase" name="test_purchase_25_returns_payment_details" time="0.862" /><testcase classname="backend.tests.test_iteration_15_credits.TestCreditsPurchase" name="test_purchase_25_has_pay_to_address" time="0.810" /><testcase classname="backend.tests.test_iteration_15_credits.TestCreditsPurchase" name="test_purchase_25_has_qr_code" time="0.796" /><testcase classname="backend.tests.test_iteration_15_credits.TestCreditsPurchase" name="test_purchase_25_has_usdc_amount" time="0.781" /><testcase classname="backend.tests.test_iteration_15_credits.TestCreditsPurchase" name="test_purchase_25_has_instructions" time="0.832" /><testcase classname="backend.tests.test_iteration_15_credits.TestCreditsPurchase" name="test_purchase_5_returns_payment_details" time="0.776" /><testcase classname="backend.tests.test_iteration_15_credits.TestCreditsPurchase" name="test_purchase_100_tier" time="0.857" /><testcase classname="backend.tests.test_iteration_15_credits.TestCreditsPurchase" name="test_purchase_has_network_info" time="0.794" /><testcase classname="backend.tests.test_iteration_15_credits.TestCreditsIntegration" name="test_balance_then_purchase_flow" time="1.888" /></testsuite></testsuites>