<?xml version="1.0" encoding="utf-8"?><testsuites name="pytest tests"><testsuite name="pytest" errors="0" failures="0" skipped="0" tests="23" time="13.990" timestamp="2026-03-10T05:19:13.088028+00:00" hostname="agent-env-6ba1a6cd-3caf-4dd9-bfd0-0e58b9268074"><testcase classname="backend.tests.test_anima_vm_api.TestProvisionStatus" name="test_provision_status_returns_200" time="1.070" /><testcase classname="backend.tests.test_anima_vm_api.TestProvisionStatus" name="test_provision_status_returns_valid_json" time="1.027" /><testcase classname="backend.tests.test_anima_vm_api.TestProvisionStatus" name="test_provision_status_sandbox_structure" time="1.042" /><testcase classname="backend.tests.test_anima_vm_api.TestProvisionStatus" name="test_provision_status_nudges_are_list" time="1.047" /><testcase classname="backend.tests.test_anima_vm_api.TestPhaseState" name="test_phase_state_returns_200" time="0.115" /><testcase classname="backend.tests.test_anima_vm_api.TestPhaseState" name="test_phase_state_returns_valid_json" time="0.111" /><testcase classname="backend.tests.test_anima_vm_api.TestOpenClawStatus" name="test_openclaw_status_returns_200" time="1.008" /><testcase classname="backend.tests.test_anima_vm_api.TestOpenClawStatus" name="test_openclaw_status_returns_valid_json" time="1.047" /><testcase classname="backend.tests.test_anima_vm_api.TestOpenClawStatus" name="test_openclaw_status_openclaw_structure" time="1.021" /><testcase classname="backend.tests.test_anima_vm_api.TestOpenClawStatus" name="test_openclaw_status_sandbox_summary_structure" time="1.077" /><testcase classname="backend.tests.test_anima_vm_api.TestOpenClawActions" name="test_actions_returns_200" time="0.111" /><testcase classname="backend.tests.test_anima_vm_api.TestOpenClawActions" name="test_actions_returns_valid_structure" time="0.109" /><testcase classname="backend.tests.test_anima_vm_api.TestOpenClawSandboxes" name="test_sandboxes_returns_200" time="1.048" /><testcase classname="backend.tests.test_anima_vm_api.TestOpenClawSandboxes" name="test_sandboxes_returns_valid_structure" time="1.005" /><testcase classname="backend.tests.test_anima_vm_api.TestOpenClawBrowsing" name="test_browsing_returns_200" time="0.125" /><testcase classname="backend.tests.test_anima_vm_api.TestOpenClawBrowsing" name="test_browsing_returns_valid_structure" time="0.107" /><testcase classname="backend.tests.test_anima_vm_api.TestOpenClawExecLog" name="test_exec_log_returns_200" time="0.109" /><testcase classname="backend.tests.test_anima_vm_api.TestOpenClawExecLog" name="test_exec_log_returns_valid_structure" time="0.108" /><testcase classname="backend.tests.test_anima_vm_api.TestWebTerminal" name="test_web_terminal_returns_200_or_error" time="0.126" /><testcase classname="backend.tests.test_anima_vm_api.TestWebTerminal" name="test_web_terminal_error_without_sandbox" time="1.114" /><testcase classname="backend.tests.test_anima_vm_api.TestNudgeEndpoints" name="test_nudge_post_returns_200" time="0.103" /><testcase classname="backend.tests.test_anima_vm_api.TestNudgeEndpoints" name="test_custom_nudge_post_returns_200" time="0.110" /><testcase classname="backend.tests.test_anima_vm_api.TestNudgeEndpoints" name="test_nudge_appears_in_status" time="1.185" /></testsuite></testsuites>