<?xml version="1.0" encoding="utf-8"?><testsuites name="pytest tests"><testsuite name="pytest" errors="0" failures="0" skipped="0" tests="21" time="38.604" timestamp="2026-03-10T10:14:59.406416+00:00" hostname="agent-env-b51b4544-d85c-4131-9271-11ac29bf4100"><testcase classname="backend.tests.test_iteration_16_e2e.TestHealthEndpoints" name="test_health_ok" time="0.178" /><testcase classname="backend.tests.test_iteration_16_e2e.TestGenesisEndpoints" name="test_genesis_status" time="0.224" /><testcase classname="backend.tests.test_iteration_16_e2e.TestCreditsEndpoints" name="test_credits_balance" time="1.102" /><testcase classname="backend.tests.test_iteration_16_e2e.TestCreditsEndpoints" name="test_credits_pricing" time="0.235" /><testcase classname="backend.tests.test_iteration_16_e2e.TestCreditsEndpoints" name="test_credits_purchase_5" time="0.833" /><testcase classname="backend.tests.test_iteration_16_e2e.TestCreditsEndpoints" name="test_credits_purchase_25" time="0.777" /><testcase classname="backend.tests.test_iteration_16_e2e.TestAgentsEndpoints" name="test_agents_list" time="0.105" /><testcase classname="backend.tests.test_iteration_16_e2e.TestAgentsEndpoints" name="test_skills_available" time="0.114" /><testcase classname="backend.tests.test_iteration_16_e2e.TestTelegramEndpoints" name="test_telegram_status" time="0.108" /><testcase classname="backend.tests.test_iteration_16_e2e.TestTelegramEndpoints" name="test_telegram_test_send" time="0.599" /><testcase classname="backend.tests.test_iteration_16_e2e.TestTelegramEndpoints" name="test_telegram_health" time="0.828" /><testcase classname="backend.tests.test_iteration_16_e2e.TestConwayEndpoints" name="test_conway_health" time="0.794" /><testcase classname="backend.tests.test_iteration_16_e2e.TestConwayEndpoints" name="test_conway_balance" time="1.952" /><testcase classname="backend.tests.test_iteration_16_e2e.TestLiveEndpoints" name="test_live_identity" time="0.126" /><testcase classname="backend.tests.test_iteration_16_e2e.TestLiveEndpoints" name="test_live_stream_sse" time="27.929" /><testcase classname="backend.tests.test_iteration_16_e2e.TestLiveEndpoints" name="test_live_financials" time="0.141" /><testcase classname="backend.tests.test_iteration_16_e2e.TestLiveEndpoints" name="test_live_activity" time="0.112" /><testcase classname="backend.tests.test_iteration_16_e2e.TestOpenClawEndpoints" name="test_openclaw_status" time="1.026" /><testcase classname="backend.tests.test_iteration_16_e2e.TestOpenClawEndpoints" name="test_openclaw_sandboxes" time="1.048" /><testcase classname="backend.tests.test_iteration_16_e2e.TestInfrastructureEndpoints" name="test_infrastructure_sandboxes" time="0.106" /><testcase classname="backend.tests.test_iteration_16_e2e.TestEngineLiveEndpoint" name="test_engine_live" time="0.116" /></testsuite></testsuites>