<?xml version="1.0" encoding="utf-8"?><testsuites name="pytest tests"><testsuite name="pytest" errors="0" failures="0" skipped="0" tests="15" time="65.611" timestamp="2026-03-10T17:42:34.128548+00:00" hostname="agent-env-721246c9-dedf-480e-bedf-aba36b77c00e"><testcase classname="tests.test_iteration_21_per_agent_keys.TestHealthAndBasics" name="test_health_check" time="47.624" /><testcase classname="tests.test_iteration_21_per_agent_keys.TestAgentListAndSelection" name="test_list_agents" time="0.204" /><testcase classname="tests.test_iteration_21_per_agent_keys.TestAgentListAndSelection" name="test_select_anima_fund_agent" time="0.133" /><testcase classname="tests.test_iteration_21_per_agent_keys.TestAgentListAndSelection" name="test_select_testskills_agent_if_exists" time="0.406" /><testcase classname="tests.test_iteration_21_per_agent_keys.TestAgentListAndSelection" name="test_select_nonexistent_agent_returns_404" time="0.117" /><testcase classname="tests.test_iteration_21_per_agent_keys.TestPerAgentConwayKeyStorage" name="test_set_key_stores_per_agent" time="1.193" /><testcase classname="tests.test_iteration_21_per_agent_keys.TestPerAgentConwayKeyStorage" name="test_key_status_reads_from_active_agent" time="1.169" /><testcase classname="tests.test_iteration_21_per_agent_keys.TestPerAgentConwayKeyStorage" name="test_balance_uses_active_agent_key" time="1.189" /><testcase classname="tests.test_iteration_21_per_agent_keys.TestPerAgentConwayKeyStorage" name="test_verify_uses_active_agent_key" time="1.246" /><testcase classname="tests.test_iteration_21_per_agent_keys.TestProvisionStatusPerAgent" name="test_provision_status_returns_agent_id" time="1.186" /><testcase classname="tests.test_iteration_21_per_agent_keys.TestProvisionStatusPerAgent" name="test_provision_status_changes_with_agent_selection" time="2.589" /><testcase classname="tests.test_iteration_21_per_agent_keys.TestDataIsolation" name="test_switching_agents_does_not_mix_keys" time="2.795" /><testcase classname="tests.test_iteration_21_per_agent_keys.TestAgentSwitchingEndToEnd" name="test_full_agent_switch_cycle" time="3.301" /><testcase classname="tests.test_iteration_21_per_agent_keys.TestSSELiveStreamAgentScoping" name="test_sse_stream_endpoint_exists" time="0.121" /><testcase classname="tests.test_iteration_21_per_agent_keys.TestKeyPersistenceAcrossRestart" name="test_key_is_persisted_in_mongodb" time="2.267" /></testsuite></testsuites>