<?xml version="1.0" encoding="utf-8"?><testsuites name="pytest tests"><testsuite name="pytest" errors="0" failures="0" skipped="0" tests="48" time="82.287" timestamp="2026-03-10T03:42:38.410400+00:00" hostname="agent-env-0d1fed01-7d4a-4648-8243-cb996ddfc455"><testcase classname="backend.tests.test_provision_api_expanded.TestHealthEndpoints" name="test_health_endpoint" time="50.576" /><testcase classname="backend.tests.test_provision_api_expanded.TestProvisionStatus" name="test_status_endpoint_returns_200" time="1.171" /><testcase classname="backend.tests.test_provision_api_expanded.TestProvisionStatus" name="test_status_has_sandbox_field" time="1.064" /><testcase classname="backend.tests.test_provision_api_expanded.TestProvisionStatus" name="test_status_has_tools_field" time="1.068" /><testcase classname="backend.tests.test_provision_api_expanded.TestProvisionStatus" name="test_status_has_ports_field" time="1.034" /><testcase classname="backend.tests.test_provision_api_expanded.TestProvisionStatus" name="test_status_has_domains_field" time="1.029" /><testcase classname="backend.tests.test_provision_api_expanded.TestProvisionStatus" name="test_status_has_compute_verified_field" time="1.075" /><testcase classname="backend.tests.test_provision_api_expanded.TestProvisionStatus" name="test_status_has_skills_loaded_field" time="1.038" /><testcase classname="backend.tests.test_provision_api_expanded.TestProvisionStatus" name="test_status_has_credits_cents" time="1.003" /><testcase classname="backend.tests.test_provision_api_expanded.TestProvisionStatus" name="test_status_has_nudges_field" time="1.083" /><testcase classname="backend.tests.test_provision_api_expanded.TestCreateSandbox" name="test_create_sandbox_endpoint_returns_200" time="1.621" /><testcase classname="backend.tests.test_provision_api_expanded.TestCreateSandbox" name="test_create_sandbox_has_success_field" time="1.558" /><testcase classname="backend.tests.test_provision_api_expanded.TestCreateSandbox" name="test_create_sandbox_fails_with_zero_credits" time="1.578" /><testcase classname="backend.tests.test_provision_api_expanded.TestListSandboxes" name="test_list_sandboxes_returns_200" time="1.019" /><testcase classname="backend.tests.test_provision_api_expanded.TestListSandboxes" name="test_list_sandboxes_has_success_field" time="1.016" /><testcase classname="backend.tests.test_provision_api_expanded.TestListSandboxes" name="test_list_sandboxes_returns_sandboxes_array" time="1.154" /><testcase classname="backend.tests.test_provision_api_expanded.TestDeleteSandbox" name="test_delete_sandbox_returns_200" time="0.111" /><testcase classname="backend.tests.test_provision_api_expanded.TestDeleteSandbox" name="test_delete_sandbox_fails_without_sandbox" time="0.099" /><testcase classname="backend.tests.test_provision_api_expanded.TestInstallTerminal" name="test_install_terminal_returns_200" time="0.097" /><testcase classname="backend.tests.test_provision_api_expanded.TestInstallTerminal" name="test_install_terminal_requires_sandbox" time="0.103" /><testcase classname="backend.tests.test_provision_api_expanded.TestInstallOpenclaw" name="test_install_openclaw_returns_200" time="0.099" /><testcase classname="backend.tests.test_provision_api_expanded.TestInstallOpenclaw" name="test_install_openclaw_requires_sandbox" time="0.113" /><testcase classname="backend.tests.test_provision_api_expanded.TestExposePort" name="test_expose_port_returns_200" time="0.099" /><testcase classname="backend.tests.test_provision_api_expanded.TestExposePort" name="test_expose_port_requires_sandbox" time="0.098" /><testcase classname="backend.tests.test_provision_api_expanded.TestExposePort" name="test_expose_port_accepts_subdomain" time="0.116" /><testcase classname="backend.tests.test_provision_api_expanded.TestWebTerminal" name="test_web_terminal_returns_200" time="0.108" /><testcase classname="backend.tests.test_provision_api_expanded.TestWebTerminal" name="test_web_terminal_requires_sandbox" time="0.104" /><testcase classname="backend.tests.test_provision_api_expanded.TestCompute" name="test_compute_returns_200" time="1.149" /><testcase classname="backend.tests.test_provision_api_expanded.TestCompute" name="test_compute_fails_with_zero_credits" time="1.031" /><testcase classname="backend.tests.test_provision_api_expanded.TestExec" name="test_exec_returns_200" time="0.128" /><testcase classname="backend.tests.test_provision_api_expanded.TestExec" name="test_exec_requires_sandbox" time="0.110" /><testcase classname="backend.tests.test_provision_api_expanded.TestLoadSkills" name="test_load_skills_returns_200" time="0.101" /><testcase classname="backend.tests.test_provision_api_expanded.TestLoadSkills" name="test_load_skills_requires_sandbox" time="0.131" /><testcase classname="backend.tests.test_provision_api_expanded.TestCredits" name="test_credits_returns_200" time="2.120" /><testcase classname="backend.tests.test_provision_api_expanded.TestCredits" name="test_credits_has_balance" time="2.091" /><testcase classname="backend.tests.test_provision_api_expanded.TestCredits" name="test_credits_has_history" time="2.062" /><testcase classname="backend.tests.test_provision_api_expanded.TestCredits" name="test_credits_has_pricing" time="2.085" /><testcase classname="backend.tests.test_provision_api_expanded.TestWallet" name="test_wallet_returns_200" time="0.127" /><testcase classname="backend.tests.test_provision_api_expanded.TestWallet" name="test_wallet_has_success_field" time="0.106" /><testcase classname="backend.tests.test_provision_api_expanded.TestWallet" name="test_wallet_has_wallet_field" time="0.102" /><testcase classname="backend.tests.test_provision_api_expanded.TestNudgeEndpoints" name="test_nudge_returns_200" time="0.099" /><testcase classname="backend.tests.test_provision_api_expanded.TestNudgeEndpoints" name="test_nudge_returns_success_and_message" time="0.134" /><testcase classname="backend.tests.test_provision_api_expanded.TestNudgeEndpoints" name="test_custom_nudge_returns_200" time="0.108" /><testcase classname="backend.tests.test_provision_api_expanded.TestNudgeEndpoints" name="test_custom_nudge_sends_custom_message" time="0.106" /><testcase classname="backend.tests.test_provision_api_expanded.TestNudgeEndpoints" name="test_nudges_appear_in_status" time="1.145" /><testcase classname="backend.tests.test_provision_api_expanded.TestSecurityChecks" name="test_no_conway_terminal_on_host" time="0.003" /><testcase classname="backend.tests.test_provision_api_expanded.TestSecurityChecks" name="test_no_openclaw_on_host" time="0.002" /><testcase classname="backend.tests.test_provision_api_expanded.TestSecurityChecks" name="test_system_prompt_reads_provisioning_status" time="0.000" /></testsuite></testsuites>