<?xml version="1.0" encoding="utf-8"?><testsuites name="pytest tests"><testsuite name="pytest" errors="0" failures="0" skipped="0" tests="21" time="15.635" timestamp="2026-03-10T05:06:20.745952+00:00" hostname="agent-env-6ba1a6cd-3caf-4dd9-bfd0-0e58b9268074"><testcase classname="backend.tests.test_anima_vm_api.TestProvisionStatus" name="test_provision_status_returns_200" time="3.491" /><testcase classname="backend.tests.test_anima_vm_api.TestProvisionStatus" name="test_provision_status_returns_valid_json" time="1.068" /><testcase classname="backend.tests.test_anima_vm_api.TestProvisionStatus" name="test_provision_status_sandbox_structure" time="1.060" /><testcase classname="backend.tests.test_anima_vm_api.TestProvisionStatus" name="test_provision_status_nudges_are_list" time="1.054" /><testcase classname="backend.tests.test_anima_vm_api.TestPhaseState" name="test_phase_state_returns_200" time="0.108" /><testcase classname="backend.tests.test_anima_vm_api.TestPhaseState" name="test_phase_state_returns_valid_json" time="0.105" /><testcase classname="backend.tests.test_anima_vm_api.TestOpenClawStatus" name="test_openclaw_status_returns_200" time="1.058" /><testcase classname="backend.tests.test_anima_vm_api.TestOpenClawStatus" name="test_openclaw_status_returns_valid_json" time="1.297" /><testcase classname="backend.tests.test_anima_vm_api.TestOpenClawStatus" name="test_openclaw_status_openclaw_structure" time="1.026" /><testcase classname="backend.tests.test_anima_vm_api.TestOpenClawStatus" name="test_openclaw_status_sandbox_summary_structure" time="1.099" /><testcase classname="backend.tests.test_anima_vm_api.TestOpenClawActions" name="test_actions_returns_200" time="0.127" /><testcase classname="backend.tests.test_anima_vm_api.TestOpenClawActions" name="test_actions_returns_valid_structure" time="0.098" /><testcase classname="backend.tests.test_anima_vm_api.TestOpenClawSandboxes" name="test_sandboxes_returns_200" time="1.021" /><testcase classname="backend.tests.test_anima_vm_api.TestOpenClawSandboxes" name="test_sandboxes_returns_valid_structure" time="1.073" /><testcase classname="backend.tests.test_anima_vm_api.TestOpenClawBrowsing" name="test_browsing_returns_200" time="0.113" /><testcase classname="backend.tests.test_anima_vm_api.TestOpenClawBrowsing" name="test_browsing_returns_valid_structure" time="0.099" /><testcase classname="backend.tests.test_anima_vm_api.TestOpenClawExecLog" name="test_exec_log_returns_200" time="0.109" /><testcase classname="backend.tests.test_anima_vm_api.TestOpenClawExecLog" name="test_exec_log_returns_valid_structure" time="0.122" /><testcase classname="backend.tests.test_anima_vm_api.TestNudgeEndpoints" name="test_nudge_post_returns_200" time="0.107" /><testcase classname="backend.tests.test_anima_vm_api.TestNudgeEndpoints" name="test_custom_nudge_post_returns_200" time="0.113" /><testcase classname="backend.tests.test_anima_vm_api.TestNudgeEndpoints" name="test_nudge_appears_in_status" time="1.151" /></testsuite></testsuites>