<?xml version="1.0" encoding="utf-8"?><testsuites name="pytest tests"><testsuite name="pytest" errors="0" failures="0" skipped="0" tests="25" time="8.061" timestamp="2026-03-10T06:25:55.121074+00:00" hostname="agent-env-5ecbe54e-69d1-466d-ab26-1f1f2e006366"><testcase classname="backend.tests.test_iteration_10_regression.TestHealthEndpoint" name="test_health_returns_200" time="0.249" /><testcase classname="backend.tests.test_iteration_10_regression.TestAgentsList" name="test_list_agents_returns_list" time="0.057" /><testcase classname="backend.tests.test_iteration_10_regression.TestAgentsList" name="test_agents_never_expose_telegram_bot_token" time="0.050" /><testcase classname="backend.tests.test_iteration_10_regression.TestAgentCreation" name="test_create_requires_telegram_bot_token" time="0.057" /><testcase classname="backend.tests.test_iteration_10_regression.TestAgentCreation" name="test_create_requires_telegram_chat_id" time="0.052" /><testcase classname="backend.tests.test_iteration_10_regression.TestAgentCreation" name="test_create_stores_selected_skills" time="0.061" /><testcase classname="backend.tests.test_iteration_10_regression.TestAgentSelection" name="test_select_anima_fund_returns_success" time="0.051" /><testcase classname="backend.tests.test_iteration_10_regression.TestAgentSelection" name="test_select_nonexistent_returns_404" time="0.058" /><testcase classname="backend.tests.test_iteration_10_regression.TestProvisioningStatus" name="test_status_returns_agent_id" time="1.262" /><testcase classname="backend.tests.test_iteration_10_regression.TestProvisioningStatus" name="test_status_agent_id_matches_active_agent" time="1.217" /><testcase classname="backend.tests.test_iteration_10_regression.TestPhaseState" name="test_phase_state_returns_valid_json" time="0.056" /><testcase classname="backend.tests.test_iteration_10_regression.TestSkillsAvailable" name="test_skills_returns_array" time="0.074" /><testcase classname="backend.tests.test_iteration_10_regression.TestSkillsAvailable" name="test_skills_have_name_and_source" time="0.069" /><testcase classname="backend.tests.test_iteration_10_regression.TestLoadSkills" name="test_load_skills_returns_success_with_priority_skills" time="0.053" /><testcase classname="backend.tests.test_iteration_10_regression.TestCreditsAndWallet" name="test_credits_returns_balance_object" time="2.050" /><testcase classname="backend.tests.test_iteration_10_regression.TestCreditsAndWallet" name="test_wallet_returns_wallet_info" time="0.049" /><testcase classname="backend.tests.test_iteration_10_regression.TestSandboxListing" name="test_list_sandboxes_returns_list" time="1.008" /><testcase classname="backend.tests.test_iteration_10_regression.TestNudgeEndpoints" name="test_nudge_returns_success" time="0.048" /><testcase classname="backend.tests.test_iteration_10_regression.TestNudgeEndpoints" name="test_nudge_custom_accepts_message_body" time="0.055" /><testcase classname="backend.tests.test_iteration_10_regression.TestPtyList" name="test_pty_list_returns_response" time="0.062" /><testcase classname="backend.tests.test_iteration_10_regression.TestMultiAgentIsolation" name="test_select_agent_a_verify_status_then_select_anima_fund" time="1.240" /><testcase classname="backend.tests.test_iteration_10_regression.TestGenesisPromptContent" name="test_genesis_prompt_includes_phase_3" time="0.000" /><testcase classname="backend.tests.test_iteration_10_regression.TestGenesisPromptContent" name="test_genesis_prompt_includes_boardy_ai" time="0.000" /><testcase classname="backend.tests.test_iteration_10_regression.TestGenesisPromptContent" name="test_genesis_prompt_includes_hundreds_of_millions" time="0.000" /><testcase classname="backend.tests.test_iteration_10_regression.TestGenesisPromptContent" name="test_genesis_prompt_boardy_is_phase_3_only" time="0.050" /></testsuite></testsuites>