<?xml version="1.0" encoding="utf-8"?><testsuites name="pytest tests"><testsuite name="pytest" errors="0" failures="0" skipped="0" tests="11" time="9.706" timestamp="2026-03-10T10:28:16.669189+00:00" hostname="agent-env-b51b4544-d85c-4131-9271-11ac29bf4100"><testcase classname="backend.tests.test_iteration_17_sandbox_management.TestDeleteSandboxBlocked" name="test_delete_sandbox_returns_error" time="0.149" /><testcase classname="backend.tests.test_iteration_17_sandbox_management.TestResetSandbox" name="test_reset_sandbox_no_sandbox" time="0.125" /><testcase classname="backend.tests.test_iteration_17_sandbox_management.TestCreateSandbox" name="test_create_sandbox_checks_existing" time="2.677" /><testcase classname="backend.tests.test_iteration_17_sandbox_management.TestListSandboxes" name="test_list_sandboxes" time="1.513" /><testcase classname="backend.tests.test_iteration_17_sandbox_management.TestProvisionStatus" name="test_provision_status" time="1.049" /><testcase classname="backend.tests.test_iteration_17_sandbox_management.TestCreditsEndpoints" name="test_credits_balance" time="1.055" /><testcase classname="backend.tests.test_iteration_17_sandbox_management.TestCreditsEndpoints" name="test_credits_purchase" time="0.805" /><testcase classname="backend.tests.test_iteration_17_sandbox_management.TestTelegramEndpoints" name="test_telegram_health" time="0.819" /><testcase classname="backend.tests.test_iteration_17_sandbox_management.TestTelegramEndpoints" name="test_telegram_test_message" time="0.592" /><testcase classname="backend.tests.test_iteration_17_sandbox_management.TestConwayHealth" name="test_conway_health" time="0.739" /><testcase classname="backend.tests.test_iteration_17_sandbox_management.TestSandboxInfo" name="test_sandbox_info" time="0.120" /></testsuite></testsuites>