<?xml version="1.0" encoding="utf-8"?><testsuites name="pytest tests"><testsuite name="pytest" errors="0" failures="0" skipped="0" tests="11" time="8.234" timestamp="2026-03-10T17:26:14.985466+00:00" hostname="agent-env-721246c9-dedf-480e-bedf-aba36b77c00e"><testcase classname="tests.test_iteration_20_conway_api_key.TestConwayApiKeySetup" name="test_health_check" time="0.156" /><testcase classname="tests.test_iteration_20_conway_api_key.TestConwayApiKeySetup" name="test_key_status_returns_configured_info" time="1.148" /><testcase classname="tests.test_iteration_20_conway_api_key.TestConwayApiKeySetup" name="test_set_key_with_invalid_format_returns_error" time="0.186" /><testcase classname="tests.test_iteration_20_conway_api_key.TestConwayApiKeySetup" name="test_set_key_with_empty_key_returns_error" time="0.118" /><testcase classname="tests.test_iteration_20_conway_api_key.TestConwayApiKeySetup" name="test_set_key_with_whitespace_only_returns_error" time="0.116" /><testcase classname="tests.test_iteration_20_conway_api_key.TestConwayApiKeySetup" name="test_set_key_with_valid_key_succeeds" time="1.083" /><testcase classname="tests.test_iteration_20_conway_api_key.TestConwayCreditsEndpoints" name="test_credits_balance_endpoint" time="1.048" /><testcase classname="tests.test_iteration_20_conway_api_key.TestConwayCreditsEndpoints" name="test_credits_verify_endpoint" time="1.042" /><testcase classname="tests.test_iteration_20_conway_api_key.TestConwayCreditsEndpoints" name="test_credits_history_endpoint" time="0.106" /><testcase classname="tests.test_iteration_20_conway_api_key.TestProvisioningStatus" name="test_provision_status_returns_credits" time="1.065" /><testcase classname="tests.test_iteration_20_conway_api_key.TestKeyStatusAfterSetKey" name="test_key_status_after_valid_set_key" time="2.113" /></testsuite></testsuites>