<?xml version="1.0" encoding="utf-8"?><testsuites name="pytest tests"><testsuite name="pytest" errors="0" failures="0" skipped="0" tests="9" time="4.227" timestamp="2026-03-10T16:36:42.964031+00:00" hostname="agent-env-721246c9-dedf-480e-bedf-aba36b77c00e"><testcase classname="backend.tests.test_iteration_19_post_audit_refactor.TestHealthEndpoint" name="test_health_returns_ok" time="0.274" /><testcase classname="backend.tests.test_iteration_19_post_audit_refactor.TestCreditsEndpoints" name="test_credits_balance_returns_credits_cents" time="1.044" /><testcase classname="backend.tests.test_iteration_19_post_audit_refactor.TestCreditsEndpoints" name="test_credits_verify_returns_verified_and_message" time="1.085" /><testcase classname="backend.tests.test_iteration_19_post_audit_refactor.TestCreditsEndpoints" name="test_credits_history_returns_arrays" time="0.165" /><testcase classname="backend.tests.test_iteration_19_post_audit_refactor.TestProvisionStatus" name="test_provision_status_returns_sandbox_and_credits" time="1.036" /><testcase classname="backend.tests.test_iteration_19_post_audit_refactor.TestSSEEndpoint" name="test_live_stream_accessible_returns_data" time="0.108" /><testcase classname="backend.tests.test_iteration_19_post_audit_refactor.TestPaymentsStatus" name="test_payments_status_returns_status_field" time="0.123" /><testcase classname="backend.tests.test_iteration_19_post_audit_refactor.TestLiveEndpoints" name="test_live_identity" time="0.121" /><testcase classname="backend.tests.test_iteration_19_post_audit_refactor.TestLiveEndpoints" name="test_live_financials" time="0.155" /></testsuite></testsuites>