<?xml version="1.0" encoding="utf-8"?><testsuites name="pytest tests"><testsuite name="pytest" errors="0" failures="0" skipped="0" tests="57" time="6.599" timestamp="2026-03-07T02:46:42.384038+00:00" hostname="agent-env-f9bb7fd9-96e5-4d05-98b4-77b010cbd31b"><testcase classname="backend.tests.test_anima_fund_api.TestHealthEndpoint" name="test_health_returns_ok_status" time="0.129" /><testcase classname="backend.tests.test_anima_fund_api.TestHealthEndpoint" name="test_health_contains_engine_live_field" time="0.135" /><testcase classname="backend.tests.test_anima_fund_api.TestHealthEndpoint" name="test_health_contains_engine_db_exists_field" time="0.108" /><testcase classname="backend.tests.test_anima_fund_api.TestHealthEndpoint" name="test_health_contains_creator_wallet" time="0.133" /><testcase classname="backend.tests.test_anima_fund_api.TestGenesisStatusEndpoint" name="test_genesis_status_returns_200" time="0.130" /><testcase classname="backend.tests.test_anima_fund_api.TestGenesisStatusEndpoint" name="test_genesis_status_wallet_address" time="0.151" /><testcase classname="backend.tests.test_anima_fund_api.TestGenesisStatusEndpoint" name="test_genesis_status_engine_running" time="0.116" /><testcase classname="backend.tests.test_anima_fund_api.TestGenesisStatusEndpoint" name="test_genesis_status_stage_running" time="0.143" /><testcase classname="backend.tests.test_anima_fund_api.TestGenesisStatusEndpoint" name="test_genesis_status_config_fields" time="0.112" /><testcase classname="backend.tests.test_anima_fund_api.TestGenesisStatusEndpoint" name="test_genesis_status_creator_wallet" time="0.122" /><testcase classname="backend.tests.test_anima_fund_api.TestEngineLiveEndpoint" name="test_engine_live_returns_200" time="0.106" /><testcase classname="backend.tests.test_anima_fund_api.TestEngineLiveEndpoint" name="test_engine_live_db_exists_true" time="0.099" /><testcase classname="backend.tests.test_anima_fund_api.TestEngineLiveEndpoint" name="test_engine_live_contains_state_info" time="0.094" /><testcase classname="backend.tests.test_anima_fund_api.TestLiveIdentityEndpoint" name="test_live_identity_returns_200" time="0.108" /><testcase classname="backend.tests.test_anima_fund_api.TestLiveIdentityEndpoint" name="test_live_identity_contains_name" time="0.109" /><testcase classname="backend.tests.test_anima_fund_api.TestLiveIdentityEndpoint" name="test_live_identity_contains_wallet_address" time="0.095" /><testcase classname="backend.tests.test_anima_fund_api.TestLiveActivityEndpoint" name="test_live_activity_returns_200" time="0.110" /><testcase classname="backend.tests.test_anima_fund_api.TestLiveActivityEndpoint" name="test_live_activity_returns_list" time="0.114" /><testcase classname="backend.tests.test_anima_fund_api.TestLiveSoulEndpoint" name="test_live_soul_returns_200" time="0.108" /><testcase classname="backend.tests.test_anima_fund_api.TestLiveSoulEndpoint" name="test_live_soul_contains_content" time="0.106" /><testcase classname="backend.tests.test_anima_fund_api.TestEngineLogsEndpoint" name="test_engine_logs_returns_200" time="0.099" /><testcase classname="backend.tests.test_anima_fund_api.TestEngineLogsEndpoint" name="test_engine_logs_structure" time="0.112" /><testcase classname="backend.tests.test_anima_fund_api.TestEngineLogsEndpoint" name="test_engine_logs_anima_dir_files" time="0.108" /><testcase classname="backend.tests.test_anima_fund_api.TestEngineLogsEndpoint" name="test_engine_logs_with_lines_param" time="0.106" /><testcase classname="backend.tests.test_anima_fund_api.TestEngineStatusEndpoint" name="test_engine_status_returns_200" time="0.126" /><testcase classname="backend.tests.test_anima_fund_api.TestEngineStatusEndpoint" name="test_engine_status_contains_version" time="0.102" /><testcase classname="backend.tests.test_anima_fund_api.TestEngineStatusEndpoint" name="test_engine_status_contains_skills" time="0.121" /><testcase classname="backend.tests.test_anima_fund_api.TestEngineStatusEndpoint" name="test_engine_status_built_flag" time="0.117" /><testcase classname="backend.tests.test_anima_fund_api.TestEngineStatusEndpoint" name="test_engine_status_creator_wallet" time="0.118" /><testcase classname="backend.tests.test_anima_fund_api.TestConstitutionEndpoint" name="test_constitution_returns_200" time="0.115" /><testcase classname="backend.tests.test_anima_fund_api.TestConstitutionEndpoint" name="test_constitution_contains_content" time="0.103" /><testcase classname="backend.tests.test_anima_fund_api.TestConstitutionEndpoint" name="test_constitution_content_valid" time="0.103" /><testcase classname="backend.tests.test_anima_fund_api.TestAdditionalLiveEndpoints" name="test_live_agents_returns_200" time="0.109" /><testcase classname="backend.tests.test_anima_fund_api.TestAdditionalLiveEndpoints" name="test_live_turns_returns_200" time="0.111" /><testcase classname="backend.tests.test_anima_fund_api.TestAdditionalLiveEndpoints" name="test_live_transactions_returns_200" time="0.116" /><testcase classname="backend.tests.test_anima_fund_api.TestAdditionalLiveEndpoints" name="test_live_financials_returns_200" time="0.099" /><testcase classname="backend.tests.test_anima_fund_api.TestAdditionalLiveEndpoints" name="test_live_memory_returns_200" time="0.104" /><testcase classname="backend.tests.test_anima_fund_api.TestAdditionalLiveEndpoints" name="test_live_skills_returns_200" time="0.115" /><testcase classname="backend.tests.test_anima_fund_api.TestNewLiveEndpoints" name="test_live_heartbeat_returns_200" time="0.133" /><testcase classname="backend.tests.test_anima_fund_api.TestNewLiveEndpoints" name="test_live_heartbeat_event_structure" time="0.107" /><testcase classname="backend.tests.test_anima_fund_api.TestNewLiveEndpoints" name="test_live_kv_returns_200" time="0.120" /><testcase classname="backend.tests.test_anima_fund_api.TestNewLiveEndpoints" name="test_live_kv_item_structure" time="0.109" /><testcase classname="backend.tests.test_anima_fund_api.TestNewLiveEndpoints" name="test_live_wake_events_returns_200" time="0.111" /><testcase classname="backend.tests.test_anima_fund_api.TestNewLiveEndpoints" name="test_live_wake_event_structure" time="0.108" /><testcase classname="backend.tests.test_anima_fund_api.TestNewLiveEndpoints" name="test_live_heartbeat_schedule_returns_200" time="0.123" /><testcase classname="backend.tests.test_anima_fund_api.TestNewLiveEndpoints" name="test_live_heartbeat_schedule_task_structure" time="0.133" /><testcase classname="backend.tests.test_anima_fund_api.TestSkillsFullEndpoint" name="test_skills_full_returns_200" time="0.116" /><testcase classname="backend.tests.test_anima_fund_api.TestSkillsFullEndpoint" name="test_skills_full_contains_skills_array" time="0.104" /><testcase classname="backend.tests.test_anima_fund_api.TestSkillsFullEndpoint" name="test_skills_full_returns_80_total_skills" time="0.112" /><testcase classname="backend.tests.test_anima_fund_api.TestSkillsFullEndpoint" name="test_skills_full_anima_count" time="0.132" /><testcase classname="backend.tests.test_anima_fund_api.TestSkillsFullEndpoint" name="test_skills_full_conway_count" time="0.120" /><testcase classname="backend.tests.test_anima_fund_api.TestSkillsFullEndpoint" name="test_skills_full_contains_models_array" time="0.105" /><testcase classname="backend.tests.test_anima_fund_api.TestSkillsFullEndpoint" name="test_skills_full_returns_6_models" time="0.116" /><testcase classname="backend.tests.test_anima_fund_api.TestSkillsFullEndpoint" name="test_skills_full_contains_tool_usage_dict" time="0.114" /><testcase classname="backend.tests.test_anima_fund_api.TestSkillsFullEndpoint" name="test_skills_full_skill_structure" time="0.126" /><testcase classname="backend.tests.test_anima_fund_api.TestSkillsFullEndpoint" name="test_skills_full_model_structure" time="0.106" /><testcase classname="backend.tests.test_anima_fund_api.TestSkillsFullEndpoint" name="test_skills_full_skill_categories" time="0.112" /></testsuite></testsuites>