<?xml version="1.0" encoding="utf-8"?><testsuites name="pytest tests"><testsuite name="pytest" errors="0" failures="0" skipped="0" tests="25" time="8.523" timestamp="2026-03-10T04:09:33.538718+00:00" hostname="agent-env-0d1fed01-7d4a-4648-8243-cb996ddfc455"><testcase classname="backend.tests.test_provision_api_v4.TestNewEndpointsIteration4" name="test_deploy_agent_no_sandbox" time="0.180" /><testcase classname="backend.tests.test_provision_api_v4.TestNewEndpointsIteration4" name="test_agent_logs_no_sandbox" time="0.103" /><testcase classname="backend.tests.test_provision_api_v4.TestNewEndpointsIteration4" name="test_phase_state_no_sandbox_no_local" time="0.140" /><testcase classname="backend.tests.test_provision_api_v4.TestStatusEndpointIteration4" name="test_status_has_all_expected_fields" time="1.044" /><testcase classname="backend.tests.test_provision_api_v4.TestStatusEndpointIteration4" name="test_status_tools_can_contain_engine" time="1.023" /><testcase classname="backend.tests.test_provision_api_v4.TestExistingEndpointsIteration4" name="test_create_sandbox_insufficient_credits" time="1.580" /><testcase classname="backend.tests.test_provision_api_v4.TestExistingEndpointsIteration4" name="test_nudge_works" time="0.117" /><testcase classname="backend.tests.test_provision_api_v4.TestExistingEndpointsIteration4" name="test_custom_nudge_works" time="0.100" /><testcase classname="backend.tests.test_provision_api_v4.TestExistingEndpointsIteration4" name="test_install_terminal_no_sandbox" time="0.170" /><testcase classname="backend.tests.test_provision_api_v4.TestExistingEndpointsIteration4" name="test_install_openclaw_no_sandbox" time="0.147" /><testcase classname="backend.tests.test_provision_api_v4.TestExistingEndpointsIteration4" name="test_expose_port_no_sandbox" time="0.107" /><testcase classname="backend.tests.test_provision_api_v4.TestExistingEndpointsIteration4" name="test_web_terminal_no_sandbox" time="0.100" /><testcase classname="backend.tests.test_provision_api_v4.TestExistingEndpointsIteration4" name="test_load_skills_no_sandbox" time="0.102" /><testcase classname="backend.tests.test_provision_api_v4.TestExistingEndpointsIteration4" name="test_credits_endpoint" time="2.090" /><testcase classname="backend.tests.test_provision_api_v4.TestExistingEndpointsIteration4" name="test_wallet_endpoint" time="0.170" /><testcase classname="backend.tests.test_provision_api_v4.TestExistingEndpointsIteration4" name="test_list_sandboxes" time="1.038" /><testcase classname="backend.tests.test_provision_api_v4.TestExistingEndpointsIteration4" name="test_delete_sandbox_no_sandbox" time="0.108" /><testcase classname="backend.tests.test_provision_api_v4.TestExistingEndpointsIteration4" name="test_exec_no_sandbox" time="0.102" /><testcase classname="backend.tests.test_provision_api_v4.TestGenesisPromptContent" name="test_genesis_prompt_has_phase_system" time="0.000" /><testcase classname="backend.tests.test_provision_api_v4.TestGenesisPromptContent" name="test_genesis_prompt_has_10_tool_tests" time="0.000" /><testcase classname="backend.tests.test_provision_api_v4.TestGenesisPromptContent" name="test_genesis_prompt_revenue_targets" time="0.000" /><testcase classname="backend.tests.test_provision_api_v4.TestSystemPromptContent" name="test_system_prompt_has_load_phase_state" time="0.000" /><testcase classname="backend.tests.test_provision_api_v4.TestSystemPromptContent" name="test_system_prompt_has_phase_enforcement" time="0.000" /><testcase classname="backend.tests.test_provision_api_v4.TestSecurityChecks" name="test_no_conway_terminal_on_host" time="0.002" /><testcase classname="backend.tests.test_provision_api_v4.TestSecurityChecks" name="test_no_openclaw_on_host" time="0.002" /></testsuite></testsuites>