<?xml version="1.0" encoding="utf-8"?><testsuites name="pytest tests"><testsuite name="pytest" errors="0" failures="0" skipped="0" tests="19" time="26.005" timestamp="2026-03-10T06:58:09.288084+00:00" hostname="agent-env-5ecbe54e-69d1-466d-ab26-1f1f2e006366"><testcase classname="backend.tests.test_iteration_12_skills_pipeline.TestHealthAndBasicEndpoints" name="test_health_endpoint" time="22.265" /><testcase classname="backend.tests.test_iteration_12_skills_pipeline.TestHealthAndBasicEndpoints" name="test_provision_status" time="1.211" /><testcase classname="backend.tests.test_iteration_12_skills_pipeline.TestHealthAndBasicEndpoints" name="test_agents_list" time="0.142" /><testcase classname="backend.tests.test_iteration_12_skills_pipeline.TestHealthAndBasicEndpoints" name="test_skills_available" time="0.143" /><testcase classname="backend.tests.test_iteration_12_skills_pipeline.TestHealthAndBasicEndpoints" name="test_nudge_endpoint" time="0.133" /><testcase classname="backend.tests.test_iteration_12_skills_pipeline.TestSandboxRequiredEndpoints" name="test_load_skills_without_sandbox" time="0.098" /><testcase classname="backend.tests.test_iteration_12_skills_pipeline.TestSandboxRequiredEndpoints" name="test_verify_sandbox_without_sandbox" time="0.104" /><testcase classname="backend.tests.test_iteration_12_skills_pipeline.TestSandboxRequiredEndpoints" name="test_deploy_agent_without_sandbox" time="0.161" /><testcase classname="backend.tests.test_iteration_12_skills_pipeline.TestRegressionDomainEndpoints" name="test_domain_search" time="1.296" /><testcase classname="backend.tests.test_iteration_12_skills_pipeline.TestRegressionDomainEndpoints" name="test_domain_pricing" time="0.376" /><testcase classname="backend.tests.test_iteration_12_skills_pipeline.TestGenesisPromptContent" name="test_skill_discovery_section" time="0.000" /><testcase classname="backend.tests.test_iteration_12_skills_pipeline.TestGenesisPromptContent" name="test_npx_clawhub_commands" time="0.000" /><testcase classname="backend.tests.test_iteration_12_skills_pipeline.TestGenesisPromptContent" name="test_openclaw_skills_list_command" time="0.000" /><testcase classname="backend.tests.test_iteration_12_skills_pipeline.TestGenesisPromptContent" name="test_clawhavoc_warning" time="0.000" /><testcase classname="backend.tests.test_iteration_12_skills_pipeline.TestGenesisPromptContent" name="test_localhost_security_warning" time="0.000" /><testcase classname="backend.tests.test_iteration_12_skills_pipeline.TestGenesisPromptContent" name="test_skill_vetter_recommendation" time="0.000" /><testcase classname="backend.tests.test_iteration_12_skills_pipeline.TestGenesisPromptContent" name="test_no_localhost_outside_warnings" time="0.001" /><testcase classname="backend.tests.test_iteration_12_skills_pipeline.TestAgentSetupCodePath" name="test_uses_openclaw_skills_path" time="0.000" /><testcase classname="backend.tests.test_iteration_12_skills_pipeline.TestAgentSetupCodePath" name="test_no_anima_skills_path" time="0.000" /></testsuite></testsuites>