<?xml version="1.0" encoding="utf-8"?><testsuites name="pytest tests"><testsuite name="pytest" errors="0" failures="0" skipped="0" tests="22" time="33.196" timestamp="2026-03-10T05:51:38.369618+00:00" hostname="agent-env-6ba1a6cd-3caf-4dd9-bfd0-0e58b9268074"><testcase classname="backend.tests.test_iteration_9_agents_and_isolation.TestProvisionStatusAgentId" name="test_provision_status_returns_agent_id" time="25.433" /><testcase classname="backend.tests.test_iteration_9_agents_and_isolation.TestProvisionStatusAgentId" name="test_provision_status_default_agent" time="1.350" /><testcase classname="backend.tests.test_iteration_9_agents_and_isolation.TestAgentsListing" name="test_list_agents_endpoint" time="0.055" /><testcase classname="backend.tests.test_iteration_9_agents_and_isolation.TestAgentsListing" name="test_list_agents_has_default" time="0.049" /><testcase classname="backend.tests.test_iteration_9_agents_and_isolation.TestAgentsListing" name="test_agents_sanitized_no_bot_token" time="0.054" /><testcase classname="backend.tests.test_iteration_9_agents_and_isolation.TestAgentCreationWithSkills" name="test_create_agent_requires_telegram" time="0.055" /><testcase classname="backend.tests.test_iteration_9_agents_and_isolation.TestAgentCreationWithSkills" name="test_create_agent_requires_both_telegram_fields" time="0.051" /><testcase classname="backend.tests.test_iteration_9_agents_and_isolation.TestAgentSelection" name="test_select_default_agent" time="0.057" /><testcase classname="backend.tests.test_iteration_9_agents_and_isolation.TestAgentSelection" name="test_select_nonexistent_agent" time="0.052" /><testcase classname="backend.tests.test_iteration_9_agents_and_isolation.TestMultiAgentIsolation" name="test_default_agent_provision_status" time="1.295" /><testcase classname="backend.tests.test_iteration_9_agents_and_isolation.TestPhaseState" name="test_phase_state_returns_valid_json" time="0.057" /><testcase classname="backend.tests.test_iteration_9_agents_and_isolation.TestSkillsEndpoint" name="test_skills_available_endpoint" time="0.120" /><testcase classname="backend.tests.test_iteration_9_agents_and_isolation.TestSkillsEndpoint" name="test_skills_have_required_fields" time="0.056" /><testcase classname="backend.tests.test_iteration_9_agents_and_isolation.TestLoadSkillsEndpoint" name="test_load_skills_without_sandbox" time="0.049" /><testcase classname="backend.tests.test_iteration_9_agents_and_isolation.TestExistingProvisionEndpoints" name="test_status_endpoint" time="0.995" /><testcase classname="backend.tests.test_iteration_9_agents_and_isolation.TestExistingProvisionEndpoints" name="test_credits_endpoint" time="2.072" /><testcase classname="backend.tests.test_iteration_9_agents_and_isolation.TestExistingProvisionEndpoints" name="test_wallet_endpoint" time="0.059" /><testcase classname="backend.tests.test_iteration_9_agents_and_isolation.TestExistingProvisionEndpoints" name="test_list_sandboxes_endpoint" time="0.985" /><testcase classname="backend.tests.test_iteration_9_agents_and_isolation.TestNudgeEndpoints" name="test_nudge_default" time="0.050" /><testcase classname="backend.tests.test_iteration_9_agents_and_isolation.TestNudgeEndpoints" name="test_custom_nudge" time="0.048" /><testcase classname="backend.tests.test_iteration_9_agents_and_isolation.TestPtyEndpointsWithoutSandbox" name="test_pty_list_no_sandbox" time="0.052" /><testcase classname="backend.tests.test_iteration_9_agents_and_isolation.TestPtyEndpointsWithoutSandbox" name="test_pty_create_no_sandbox" time="0.104" /></testsuite></testsuites>