<?xml version="1.0" encoding="utf-8"?><testsuites name="pytest tests"><testsuite name="pytest" errors="0" failures="0" skipped="0" tests="12" time="13.892" timestamp="2026-03-10T15:57:25.129731+00:00" hostname="agent-env-3f8a3c02-fe6c-414c-87d3-c58880dcdbd4"><testcase classname="tests.test_iteration_18_realtime_pipeline.TestHealthEndpoint" name="test_health_returns_ok" time="4.615" /><testcase classname="tests.test_iteration_18_realtime_pipeline.TestWebhookEndpoint" name="test_webhook_agent_update_receives_data" time="0.148" /><testcase classname="tests.test_iteration_18_realtime_pipeline.TestWebhookEndpoint" name="test_webhook_status_shows_last_update" time="0.239" /><testcase classname="tests.test_iteration_18_realtime_pipeline.TestLiveEndpoints" name="test_live_financials_returns_cached_data" time="0.255" /><testcase classname="tests.test_iteration_18_realtime_pipeline.TestLiveEndpoints" name="test_live_activity_returns_merged_data" time="0.275" /><testcase classname="tests.test_iteration_18_realtime_pipeline.TestLiveEndpoints" name="test_live_soul_returns_phase_state" time="0.354" /><testcase classname="tests.test_iteration_18_realtime_pipeline.TestLiveEndpoints" name="test_live_heartbeat_returns_last_update" time="0.224" /><testcase classname="tests.test_iteration_18_realtime_pipeline.TestLiveEndpoints" name="test_live_turns_returns_decisions" time="0.242" /><testcase classname="tests.test_iteration_18_realtime_pipeline.TestLiveEndpoints" name="test_live_memory_returns_stdout" time="0.218" /><testcase classname="tests.test_iteration_18_realtime_pipeline.TestSSEStream" name="test_sse_stream_returns_valid_data" time="0.202" /><testcase classname="tests.test_iteration_18_realtime_pipeline.TestSSEStream" name="test_sse_instant_push_on_webhook" time="6.112" /><testcase classname="tests.test_iteration_18_realtime_pipeline.TestEndToEndFlow" name="test_webhook_updates_all_live_endpoints" time="0.870" /></testsuite></testsuites>