<?xml version="1.0" encoding="utf-8"?><testsuites name="pytest tests"><testsuite name="pytest" errors="0" failures="0" skipped="0" tests="29" time="9.623" timestamp="2026-03-10T05:32:22.263576+00:00" hostname="agent-env-6ba1a6cd-3caf-4dd9-bfd0-0e58b9268074"><testcase classname="backend.tests.test_pty_and_port_url.TestPtyCreate" name="test_pty_create_no_sandbox_returns_error" time="0.128" /><testcase classname="backend.tests.test_pty_and_port_url.TestPtyCreate" name="test_pty_create_default_params" time="0.101" /><testcase classname="backend.tests.test_pty_and_port_url.TestPtyCreate" name="test_pty_create_custom_command" time="0.109" /><testcase classname="backend.tests.test_pty_and_port_url.TestPtyWrite" name="test_pty_write_no_sandbox_returns_error" time="0.108" /><testcase classname="backend.tests.test_pty_and_port_url.TestPtyWrite" name="test_pty_write_with_enter_key" time="0.130" /><testcase classname="backend.tests.test_pty_and_port_url.TestPtyWrite" name="test_pty_write_with_ctrl_c" time="0.106" /><testcase classname="backend.tests.test_pty_and_port_url.TestPtyRead" name="test_pty_read_no_sandbox_returns_error" time="0.101" /><testcase classname="backend.tests.test_pty_and_port_url.TestPtyRead" name="test_pty_read_with_full_param" time="0.113" /><testcase classname="backend.tests.test_pty_and_port_url.TestPtyRead" name="test_pty_read_without_full_param" time="0.137" /><testcase classname="backend.tests.test_pty_and_port_url.TestPtyResize" name="test_pty_resize_no_sandbox_returns_error" time="0.132" /><testcase classname="backend.tests.test_pty_and_port_url.TestPtyResize" name="test_pty_resize_various_sizes" time="0.104" /><testcase classname="backend.tests.test_pty_and_port_url.TestPtyClose" name="test_pty_close_no_sandbox_returns_error" time="0.104" /><testcase classname="backend.tests.test_pty_and_port_url.TestPtyClose" name="test_pty_close_with_different_session_ids" time="0.106" /><testcase classname="backend.tests.test_pty_and_port_url.TestPtyList" name="test_pty_list_no_sandbox_returns_error" time="0.115" /><testcase classname="backend.tests.test_pty_and_port_url.TestPtyList" name="test_pty_list_response_structure" time="0.109" /><testcase classname="backend.tests.test_pty_and_port_url.TestPortUrl" name="test_port_url_no_sandbox_returns_error" time="0.107" /><testcase classname="backend.tests.test_pty_and_port_url.TestPortUrl" name="test_port_url_various_ports" time="0.627" /><testcase classname="backend.tests.test_pty_and_port_url.TestPortUrl" name="test_port_url_response_structure_with_error" time="0.100" /><testcase classname="backend.tests.test_pty_and_port_url.TestExistingEndpointsStillWork" name="test_status_endpoint_works" time="1.015" /><testcase classname="backend.tests.test_pty_and_port_url.TestExistingEndpointsStillWork" name="test_web_terminal_endpoint_works" time="0.110" /><testcase classname="backend.tests.test_pty_and_port_url.TestExistingEndpointsStillWork" name="test_create_sandbox_endpoint_works" time="1.608" /><testcase classname="backend.tests.test_pty_and_port_url.TestExistingEndpointsStillWork" name="test_list_sandboxes_endpoint_works" time="1.099" /><testcase classname="backend.tests.test_pty_and_port_url.TestExistingEndpointsStillWork" name="test_nudge_endpoint_works" time="0.104" /><testcase classname="backend.tests.test_pty_and_port_url.TestExistingEndpointsStillWork" name="test_custom_nudge_endpoint_works" time="0.106" /><testcase classname="backend.tests.test_pty_and_port_url.TestExistingEndpointsStillWork" name="test_credits_endpoint_works" time="2.066" /><testcase classname="backend.tests.test_pty_and_port_url.TestExistingEndpointsStillWork" name="test_wallet_endpoint_works" time="0.106" /><testcase classname="backend.tests.test_pty_and_port_url.TestExistingEndpointsStillWork" name="test_phase_state_endpoint_works" time="0.096" /><testcase classname="backend.tests.test_pty_and_port_url.TestEndpointRouting" name="test_pty_endpoints_under_provision_prefix" time="0.607" /><testcase classname="backend.tests.test_pty_and_port_url.TestEndpointRouting" name="test_port_url_under_provision_prefix" time="0.098" /></testsuite></testsuites>