<?xml version="1.0" encoding="utf-8"?><testsuites name="pytest tests"><testsuite name="pytest" errors="0" failures="0" skipped="0" tests="16" time="5.338" timestamp="2026-03-23T01:32:38.319259+00:00" hostname="agent-env-bf778f6e-382a-4414-8918-3f4c48142c16"><testcase classname="backend.tests.test_iteration_26_provider_keys.TestProviderKeyStatus" name="test_fly_key_status_returns_configured" time="0.234" /><testcase classname="backend.tests.test_iteration_26_provider_keys.TestProviderKeyStatus" name="test_conway_key_status_returns_configured" time="0.225" /><testcase classname="backend.tests.test_iteration_26_provider_keys.TestProviderKeyStatus" name="test_unknown_provider_returns_not_configured" time="0.130" /><testcase classname="backend.tests.test_iteration_26_provider_keys.TestSetProviderKey" name="test_set_fly_key_empty_returns_400" time="0.109" /><testcase classname="backend.tests.test_iteration_26_provider_keys.TestSetProviderKey" name="test_set_fly_key_whitespace_only_returns_400" time="0.134" /><testcase classname="backend.tests.test_iteration_26_provider_keys.TestSetProviderKey" name="test_set_fly_key_strips_flyv1_prefix" time="0.687" /><testcase classname="backend.tests.test_iteration_26_provider_keys.TestSetProviderKey" name="test_set_conway_key_success" time="0.755" /><testcase classname="backend.tests.test_iteration_26_provider_keys.TestSetProviderKey" name="test_set_unknown_provider_returns_400" time="0.112" /><testcase classname="backend.tests.test_iteration_26_provider_keys.TestSandboxManagement" name="test_health_check_no_sandbox" time="0.253" /><testcase classname="backend.tests.test_iteration_26_provider_keys.TestSandboxManagement" name="test_reset_sandbox_no_sandbox" time="0.121" /><testcase classname="backend.tests.test_iteration_26_provider_keys.TestSandboxManagement" name="test_delete_sandbox_no_sandbox" time="0.126" /><testcase classname="backend.tests.test_iteration_26_provider_keys.TestPerAgentKeyIsolation" name="test_agent_a_key_not_visible_to_agent_b" time="1.180" /><testcase classname="backend.tests.test_iteration_26_provider_keys.TestFullWorkflow" name="test_full_fly_key_workflow" time="0.806" /><testcase classname="backend.tests.test_iteration_26_provider_keys.TestAgentCRUD" name="test_create_agent_requires_telegram" time="0.102" /><testcase classname="backend.tests.test_iteration_26_provider_keys.TestAgentCRUD" name="test_select_nonexistent_agent_returns_404" time="0.116" /><testcase classname="backend.tests.test_iteration_26_provider_keys.TestAgentCRUD" name="test_delete_default_agent_returns_400" time="0.147" /></testsuite></testsuites>